Arguments: 
  C:\Program Files\nodejs\node.exe C:\Program Files (x86)\Yarn\bin\yarn.js install

PATH: 
  C:\Program Files\Java\jre\bin;C:\Program Files (x86)\Intel\iCLS Client\;C:\Program Files\Intel\iCLS Client\;C:\WINDOWS\system32;C:\WINDOWS;C:\WINDOWS\System32\Wbem;C:\WINDOWS\System32\WindowsPowerShell\v1.0\;C:\Program Files\Intel\Intel(R) Management Engine Components\DAL;C:\Program Files\Intel\Intel(R) Management Engine Components\IPT;C:\Program Files (x86)\Intel\Intel(R) Management Engine Components\DAL;C:\Program Files (x86)\Intel\Intel(R) Management Engine Components\IPT;C:\Program Files (x86)\Intel\OpenCL SDK\3.0\bin\x86;C:\Program Files (x86)\Intel\OpenCL SDK\3.0\bin\x64;C:\Program Files (x86)\Windows Live\Shared;C:\Program Files (x86)\Skype\Phone\;C:\Program Files\PuTTY\;C:\Program Files\MATLAB\R2017a\runtime\win64;C:\Program Files\MATLAB\R2017a\bin;C:\WINDOWS\System32\OpenSSH\;C:\Program Files\Git\cmd;C:\Program Files (x86)\Yarn\bin\;C:\Program Files\nodejs\;C:\Users\vinay_1e1algf\AppData\Local\Programs\Python\Python37\Scripts\;C:\Users\vinay_1e1algf\AppData\Local\Programs\Python\Python37\;C:\Program Files (x86)\GNU Tools ARM Embedded\4.9 2015q2\bin;C:\Users\vinay_1e1algf\AppData\Local\Microsoft\WindowsApps;C:\Modeltech_pe_edu_10.4a\win32pe_edu;C:\Program Files\Git\bin\;C:\Program Files\Git\cmd\;D:\MiKTeX\miktex\bin\x64\;C:\Users\vinay_1e1algf\AppData\Local\Yarn\bin;C:\Users\vinay_1e1algf\AppData\Roaming\npm

Yarn version: 
  1.22.4

Node version: 
  12.18.2

Platform: 
  win32 x64

Trace: 
  Error: https://registry.yarnpkg.com/@material-ui/icons/-/icons-4.9.1.tgz: ESOCKETTIMEDOUT
      at ClientRequest.<anonymous> (C:\Program Files (x86)\Yarn\lib\cli.js:141375:19)
      at Object.onceWrapper (events.js:421:28)
      at ClientRequest.emit (events.js:315:20)
      at TLSSocket.emitRequestTimeout (_http_client.js:709:9)
      at Object.onceWrapper (events.js:421:28)
      at TLSSocket.emit (events.js:327:22)
      at TLSSocket.Socket._onTimeout (net.js:481:8)
      at listOnTimeout (internal/timers.js:549:17)
      at processTimers (internal/timers.js:492:7)

npm manifest: 
  {
    "name": "coronasafe-maps",
    "version": "0.1.0",
    "private": true,
    "dependencies": {
      "@material-ui/core": "^4.9.7",
      "@material-ui/icons": "^4.9.1",
      "@testing-library/jest-dom": "^4.2.4",
      "@testing-library/react": "^9.3.2",
      "@testing-library/user-event": "^7.1.2",
      "chart.js": "^2.9.3",
      "leaflet": "^1.6.0",
      "react": "^16.13.0",
      "react-chartjs-2": "^2.9.0",
      "react-dom": "^16.13.0",
      "react-leaflet": "^2.6.3",
      "react-papaparse": "^3.0.0",
      "react-scripts": "^3.4.0"
    },
    "scripts": {
      "start": "react-scripts start",
      "build": "react-scripts build",
      "test": "react-scripts test",
      "eject": "react-scripts eject"
    },
    "eslintConfig": {
      "extends": "react-app"
    },
    "browserslist": {
      "production": [
        ">0.2%",
        "not dead",
        "not op_mini all"
      ],
      "development": [
        "last 1 chrome version",
        "last 1 firefox version",
        "last 1 safari version"
      ]
    },
    "devDependencies": {
      "@types/classnames": "^2.2.10",
      "classnames": "^2.2.6",
      "eslint-config-airbnb": "^18.2.0",
      "eslint-config-prettier": "^6.11.0",
      "eslint-plugin-import": "^2.22.0",
      "eslint-plugin-jsx-a11y": "^6.3.1",
      "eslint-plugin-prettier": "^3.1.4",
      "eslint-plugin-react": "^7.20.3",
      "prettier": "^2.0.5"
    }
  }

yarn manifest: 
  No manifest

Lockfile: 
  No lockfile
